<?xml version="1.0" encoding="UTF-8"?>
<testng-results ignored="0" total="1" passed="1" failed="0" skipped="0">
  <reporter-output>
  </reporter-output>
  <suite started-at="2023-08-23T20:58:26 CDT" name="Default suite" finished-at="2023-08-23T20:58:34 CDT" duration-ms="7931">
    <groups>
      <group name="smoke">
        <method signature="AppiumBasics.AppiumTest()[pri:0, instance:priyasacademy.AppiumBasics@65f8f5ae]" name="AppiumTest" class="priyasacademy.AppiumBasics"/>
      </group> <!-- smoke -->
    </groups>
    <test started-at="2023-08-23T20:58:26 CDT" name="Default test" finished-at="2023-08-23T20:58:34 CDT" duration-ms="7931">
      <class name="priyasacademy.AppiumBasics">
        <test-method signature="AppiumTest()[pri:0, instance:priyasacademy.AppiumBasics@65f8f5ae]" started-at="2023-08-23T20:58:26 CDT" name="AppiumTest" finished-at="2023-08-23T20:58:34 CDT" duration-ms="7880" status="PASS">
          <reporter-output>
          </reporter-output>
        </test-method> <!-- AppiumTest -->
      </class> <!-- priyasacademy.AppiumBasics -->
    </test> <!-- Default test -->
  </suite> <!-- Default suite -->
</testng-results>
